<?xml version="1.0" encoding="UTF-8"?>
<!-- Generated by org.testng.reporters.JUnitXMLReporter -->
<testsuite ignored="0" hostname="WIN10" failures="1" tests="1" name="Default test" time="13.247" errors="0" timestamp="2022-08-09T19:57:25 GMT-04:00">
  <testcase classname="io.cucumber.testng.AbstractTestNGCucumberTests" name="runScenario" time="12.542">
    <failure type="io.cucumber.java.PendingException" message="TODO: implement me">
      <![CDATA[io.cucumber.java.PendingException: TODO: implement me
at com.stepdefinition.StepDefinition.user_should_able_to_select_required_option_from_configuration_drop_down(StepDefinition.java:20)
at âœ½.User should able to select required option from configuration drop down(file:///C:/Users/Asus/eclipse-workspace/TestAutomation/src/test/resources/Features/samplefeature2.feature:10)
]]>
    </failure>
  </testcase> <!-- runScenario -->
</testsuite> <!-- Default test -->
