<?xml version="1.0" encoding="UTF-8"?>
<!-- Generated by org.testng.reporters.JUnitReportReporter -->
<testsuite hostname="WIN10" failures="0" tests="1" name="com.runner.TestRunner" time="12.542" errors="1" timestamp="2022-08-09T19:57:25 GMT-04:00" skipped="0">
  <testcase classname="com.runner.TestRunner" name="runScenario" time="12.542">
    <error message="TODO: implement me" type="io.cucumber.java.PendingException">
      <![CDATA[io.cucumber.java.PendingException: TODO: implement me
at com.stepdefinition.StepDefinition.user_should_able_to_select_required_option_from_configuration_drop_down(StepDefinition.java:20)
at âœ½.User should able to select required option from configuration drop down(file:///C:/Users/Asus/eclipse-workspace/TestAutomation/src/test/resources/Features/samplefeature2.feature:10)
]]>
    </error>
  </testcase> <!-- runScenario -->
  <system-out/>
</testsuite> <!-- com.runner.TestRunner -->
